2022-07-20T12:07:56.647+0530 [INFO]  Fexr Gateway 0.6.0: New Lite Wallet Connected. Remembering Connection for permission: : code =1
2022-07-20T13:54:57.072+0530 [INFO]  Fexr Gateway 0.6.0: New Lite Wallet Connected. Syncing wallet data...
2022-07-20T13:55:11.437+0530 [INFO]  Fexr Gateway 0.6.0: New Lite Wallet Connected. Syncing wallet data...
2022-07-20T13:55:33.403+0530 [INFO]  Fexr Gateway 0.6.0: New Lite Wallet Connected. Syncing wallet data...
2022-07-20T13:55:53.499+0530 [INFO]  Fexr Gateway 0.6.0: New Lite Wallet Connected. Syncing wallet data...
2022-07-20T14:00:02.799+0530 [INFO]  Fexr Gateway 0.6.0: New Lite Wallet Connected. Syncing wallet data...
2022-07-20T14:00:04.387+0530 [INFO]  Fexr Gateway 0.6.0: New Lite Wallet Connected. Syncing wallet data...
2022-07-20T14:04:39.494+0530 [INFO]  Fexr Gateway 0.6.0: New Lite Wallet Connected. Syncing wallet data...
2022-07-20T14:04:52.861+0530 [INFO]  Fexr Gateway 0.6.0: New Lite Wallet Connected. Syncing wallet data...
2022-07-20T14:04:52.937+0530 [INFO]  Fexr Gateway 0.6.0: Finishing Lite Wallet sync with new DID..
2022-07-20T15:12:24.678+0530 [INFO]  Fexr Gateway 0.6.0: New Lite Wallet Connected. Syncing wallet data...
2022-07-20T15:12:24.797+0530 [INFO]  Fexr Gateway 0.6.0: Finishing Lite Wallet sync with new DID..
2022-07-20T15:12:24.797+0530 [INFO]  Fexr Gateway 0.6.0: Rubix config file path: : path =
2022-07-20T15:20:18.310+0530 [INFO]  Fexr Gateway 0.6.0: New Lite Wallet Connected. Syncing wallet data...
2022-07-20T15:20:18.416+0530 [INFO]  Fexr Gateway 0.6.0: Finishing Lite Wallet sync with new DID..
2022-07-20T15:20:18.416+0530 [INFO]  Fexr Gateway 0.6.0: Rubix config file path: : path = 
2022-07-20T15:23:35.964+0530 [INFO]  Fexr Gateway 0.6.0: New Lite Wallet Connected. Syncing wallet data...
2022-07-20T15:23:36.051+0530 [INFO]  Fexr Gateway 0.6.0: Finishing Lite Wallet sync with new DID..
2022-07-20T15:23:36.051+0530 [INFO]  Fexr Gateway 0.6.0: Rubix config file path: : path =/Users/nidhinrubix/Rubix/config.json
2022-07-20T15:26:20.878+0530 [INFO]  Fexr Gateway 0.6.0: New Lite Wallet Connected. Syncing wallet data...
2022-07-20T15:26:20.965+0530 [INFO]  Fexr Gateway 0.6.0: Finishing Lite Wallet sync with new DID..
2022-07-20T15:26:20.965+0530 [INFO]  Fexr Gateway 0.6.0: Rubix config file path: : path =
2022-07-20T15:27:14.952+0530 [INFO]  Fexr Gateway 0.6.0: New Lite Wallet Connected. Syncing wallet data...
2022-07-20T15:27:15.019+0530 [INFO]  Fexr Gateway 0.6.0: Finishing Lite Wallet sync with new DID..
2022-07-20T15:27:15.019+0530 [INFO]  Fexr Gateway 0.6.0: OS Type: : EXTRA_VALUE_AT_END=
2022-07-20T15:27:15.019+0530 [INFO]  Fexr Gateway 0.6.0: Rubix config file path: : path =
2022-07-20T15:32:21.939+0530 [INFO]  Fexr Gateway 0.6.0: New Lite Wallet Connected. Syncing wallet data...
2022-07-20T15:32:22.022+0530 [INFO]  Fexr Gateway 0.6.0: Finishing Lite Wallet sync with new DID..
2022-07-20T15:32:22.022+0530 [INFO]  Fexr Gateway 0.6.0: OS Type: : EXTRA_VALUE_AT_END=darwin
2022-07-20T15:32:22.022+0530 [INFO]  Fexr Gateway 0.6.0: Rubix config file path: : path =
2022-07-20T15:32:42.457+0530 [INFO]  Fexr Gateway 0.6.0: New Lite Wallet Connected. Syncing wallet data...
2022-07-20T15:32:42.542+0530 [INFO]  Fexr Gateway 0.6.0: Finishing Lite Wallet sync with new DID..
2022-07-20T15:32:42.542+0530 [INFO]  Fexr Gateway 0.6.0: OS Type: : EXTRA_VALUE_AT_END=darwin
2022-07-20T15:32:42.542+0530 [INFO]  Fexr Gateway 0.6.0: Rubix config file path: : path =/Users/nidhinrubix/Applications/Rubix/config.json
2022-07-20T15:33:54.429+0530 [INFO]  Fexr Gateway 0.6.0: New Lite Wallet Connected. Syncing wallet data...
2022-07-20T15:33:54.510+0530 [INFO]  Fexr Gateway 0.6.0: Finishing Lite Wallet sync with new DID..
2022-07-20T15:33:54.510+0530 [INFO]  Fexr Gateway 0.6.0: OS Type: : EXTRA_VALUE_AT_END=darwin
2022-07-20T15:33:54.510+0530 [INFO]  Fexr Gateway 0.6.0: Rubix config file path: : path =/Users/nidhinrubix/Applications/Rubix/config.json
2022-07-20T15:35:59.829+0530 [INFO]  Fexr Gateway 0.6.0: New Lite Wallet Connected. Syncing wallet data...
2022-07-20T15:35:59.914+0530 [INFO]  Fexr Gateway 0.6.0: Finishing Lite Wallet sync with new DID..
2022-07-20T15:35:59.914+0530 [INFO]  Fexr Gateway 0.6.0: OS Type: : EXTRA_VALUE_AT_END=darwin
2022-07-20T15:35:59.914+0530 [INFO]  Fexr Gateway 0.6.0: Rubix config file path: : path =/Applications/Rubix/config.json
2022-07-20T16:04:48.672+0530 [INFO]  Fexr Gateway 0.6.0: New Lite Wallet Connected. Syncing wallet data...
2022-07-20T16:04:50.162+0530 [INFO]  Fexr Gateway 0.6.0: Finishing Lite Wallet sync with new DID..
2022-07-20T16:04:50.162+0530 [INFO]  Fexr Gateway 0.6.0: OS Type: : EXTRA_VALUE_AT_END=darwin
2022-07-20T16:04:50.162+0530 [INFO]  Fexr Gateway 0.6.0: Rubix config file path: : path =/Applications/Rubix/config.json
2022-07-20T16:07:30.436+0530 [INFO]  Fexr Gateway 0.6.0: New Lite Wallet Connected. Syncing wallet data...
2022-07-20T16:07:30.439+0530 [INFO]  Fexr Gateway 0.6.0: Creating Decentralized IDentity in this node if not already exists..
2022-07-20T16:07:55.412+0530 [INFO]  Fexr Gateway 0.6.0: New Lite Wallet Connected. Syncing wallet data...
2022-07-20T16:07:55.419+0530 [INFO]  Fexr Gateway 0.6.0: Creating Decentralized IDentity in this node if not already exists..
2022-07-20T16:08:05.315+0530 [INFO]  Fexr Gateway 0.6.0: New Lite Wallet Connected. Syncing wallet data...
2022-07-20T16:08:10.507+0530 [INFO]  Fexr Gateway 0.6.0: Finishing Lite Wallet sync with new DID..
2022-07-20T16:08:10.507+0530 [INFO]  Fexr Gateway 0.6.0: OS Type: : EXTRA_VALUE_AT_END=darwin
2022-07-20T16:08:10.507+0530 [INFO]  Fexr Gateway 0.6.0: Rubix config file path: : path =/Applications/Rubix/config.json
2022-07-20T18:53:18.609+0530 [INFO]  Fexr Gateway 0.6.0: New Lite Wallet Connected. Remembering Connection for permission: : code =0
2022-07-20T18:53:24.243+0530 [INFO]  Fexr Gateway 0.6.0: New Lite Wallet Connected. Syncing wallet data...
2022-07-20T18:53:25.115+0530 [INFO]  Fexr Gateway 0.6.0: Finishing Lite Wallet sync with new DID..
2022-07-20T18:53:25.115+0530 [INFO]  Fexr Gateway 0.6.0: OS Type: : EXTRA_VALUE_AT_END=darwin
2022-07-20T18:53:25.115+0530 [INFO]  Fexr Gateway 0.6.0: Rubix config file path: : path =/Applications/Rubix/config.json
2022-07-20T18:54:09.928+0530 [INFO]  Fexr Gateway 0.6.0: New Lite Wallet Connected. Syncing wallet data...
2022-07-20T18:54:10.760+0530 [INFO]  Fexr Gateway 0.6.0: Finishing Lite Wallet sync with new DID..
2022-07-20T18:54:10.760+0530 [INFO]  Fexr Gateway 0.6.0: OS Type: : EXTRA_VALUE_AT_END=darwin
2022-07-20T18:54:10.760+0530 [INFO]  Fexr Gateway 0.6.0: Rubix config file path: : path =/Applications/Rubix/config.json
2022-07-20T19:07:49.393+0530 [INFO]  Fexr Gateway 0.6.0: New Lite Wallet Connected. Syncing wallet data...
2022-07-20T19:07:50.410+0530 [INFO]  Fexr Gateway 0.6.0: Finishing Lite Wallet sync with new DID..
2022-07-20T19:07:50.411+0530 [INFO]  Fexr Gateway 0.6.0: OS Type: : EXTRA_VALUE_AT_END=darwin
2022-07-20T19:07:50.411+0530 [INFO]  Fexr Gateway 0.6.0: Rubix config file path: : path =/Applications/Rubix/config.json
2022-07-20T19:09:02.377+0530 [INFO]  Fexr Gateway 0.6.0: New Lite Wallet Connected. Syncing wallet data...
2022-07-20T19:09:03.363+0530 [INFO]  Fexr Gateway 0.6.0: Finishing Lite Wallet sync with new DID..
2022-07-20T19:09:03.363+0530 [INFO]  Fexr Gateway 0.6.0: OS Type: : EXTRA_VALUE_AT_END=darwin
2022-07-20T19:09:03.363+0530 [INFO]  Fexr Gateway 0.6.0: Rubix config file path: : path =/Applications/Rubix/config.json
2022-07-20T19:09:08.882+0530 [INFO]  Fexr Gateway 0.6.0: New Lite Wallet Connected. Syncing wallet data...
2022-07-20T19:09:12.141+0530 [INFO]  Fexr Gateway 0.6.0: Finishing Lite Wallet sync with new DID..
2022-07-20T19:09:12.141+0530 [INFO]  Fexr Gateway 0.6.0: OS Type: : EXTRA_VALUE_AT_END=darwin
2022-07-20T19:09:12.142+0530 [INFO]  Fexr Gateway 0.6.0: Rubix config file path: : path =/Applications/Rubix/config.json
2022-07-20T19:10:57.261+0530 [INFO]  Fexr Gateway 0.6.0: New Lite Wallet Connected. Syncing wallet data...
2022-07-20T19:10:57.992+0530 [INFO]  Fexr Gateway 0.6.0: Finishing Lite Wallet sync with new DID..
2022-07-20T19:10:57.992+0530 [INFO]  Fexr Gateway 0.6.0: OS Type: : EXTRA_VALUE_AT_END=darwin
2022-07-20T19:10:57.992+0530 [INFO]  Fexr Gateway 0.6.0: Rubix config file path: : path =/Applications/Rubix/config.json
2022-07-20T19:11:07.710+0530 [INFO]  Fexr Gateway 0.6.0: New Lite Wallet Connected. Syncing wallet data...
2022-07-20T19:11:08.971+0530 [INFO]  Fexr Gateway 0.6.0: Finishing Lite Wallet sync with new DID..
2022-07-20T19:11:08.971+0530 [INFO]  Fexr Gateway 0.6.0: OS Type: : EXTRA_VALUE_AT_END=darwin
2022-07-20T19:11:08.971+0530 [INFO]  Fexr Gateway 0.6.0: Rubix config file path: : path =/Applications/Rubix/config.json
2022-07-20T19:11:30.673+0530 [INFO]  Fexr Gateway 0.6.0: New Lite Wallet Connected. Remembering Connection for permission: : code =0
2022-07-20T19:11:37.494+0530 [INFO]  Fexr Gateway 0.6.0: New Lite Wallet Connected. Syncing wallet data...
2022-07-20T19:11:38.447+0530 [INFO]  Fexr Gateway 0.6.0: Finishing Lite Wallet sync with new DID..
2022-07-20T19:11:38.447+0530 [INFO]  Fexr Gateway 0.6.0: OS Type: : EXTRA_VALUE_AT_END=darwin
2022-07-20T19:11:38.447+0530 [INFO]  Fexr Gateway 0.6.0: Rubix config file path: : path =/Applications/Rubix/config.json
2022-07-20T19:12:30.729+0530 [INFO]  Fexr Gateway 0.6.0: New Lite Wallet Connected. Syncing wallet data...
2022-07-20T19:12:32.245+0530 [INFO]  Fexr Gateway 0.6.0: Finishing Lite Wallet sync with new DID..
2022-07-20T19:12:32.245+0530 [INFO]  Fexr Gateway 0.6.0: OS Type: : EXTRA_VALUE_AT_END=darwin
2022-07-20T19:12:32.245+0530 [INFO]  Fexr Gateway 0.6.0: Rubix config file path: : path =/Applications/Rubix/config.json
2022-07-20T19:12:33.946+0530 [INFO]  Fexr Gateway 0.6.0: New Lite Wallet Connected. Syncing wallet data...
2022-07-20T19:12:34.984+0530 [INFO]  Fexr Gateway 0.6.0: Finishing Lite Wallet sync with new DID..
2022-07-20T19:12:34.985+0530 [INFO]  Fexr Gateway 0.6.0: OS Type: : EXTRA_VALUE_AT_END=darwin
2022-07-20T19:12:34.985+0530 [INFO]  Fexr Gateway 0.6.0: Rubix config file path: : path =/Applications/Rubix/config.json
2022-07-20T19:14:03.602+0530 [INFO]  Fexr Gateway 0.6.0: New Lite Wallet Connected. Syncing wallet data...
2022-07-20T19:14:04.595+0530 [INFO]  Fexr Gateway 0.6.0: Finishing Lite Wallet sync with new DID..
2022-07-20T19:14:04.595+0530 [INFO]  Fexr Gateway 0.6.0: OS Type: : EXTRA_VALUE_AT_END=darwin
2022-07-20T19:14:04.595+0530 [INFO]  Fexr Gateway 0.6.0: Rubix config file path: : path =/Applications/Rubix/config.json
2022-07-20T19:15:07.428+0530 [INFO]  Fexr Gateway 0.6.0: New Lite Wallet Connected. Syncing wallet data...
2022-07-20T19:15:08.350+0530 [INFO]  Fexr Gateway 0.6.0: Finishing Lite Wallet sync with new DID..
2022-07-20T19:15:08.350+0530 [INFO]  Fexr Gateway 0.6.0: OS Type: : EXTRA_VALUE_AT_END=darwin
2022-07-20T19:15:08.350+0530 [INFO]  Fexr Gateway 0.6.0: Rubix config file path: : path =/Applications/Rubix/config.json
2022-07-20T19:15:36.658+0530 [INFO]  Fexr Gateway 0.6.0: New Lite Wallet Connected. Syncing wallet data...
2022-07-20T19:15:37.883+0530 [INFO]  Fexr Gateway 0.6.0: Finishing Lite Wallet sync with new DID..
2022-07-20T19:15:37.884+0530 [INFO]  Fexr Gateway 0.6.0: OS Type: : EXTRA_VALUE_AT_END=darwin
2022-07-20T19:15:37.884+0530 [INFO]  Fexr Gateway 0.6.0: Rubix config file path: : path =/Applications/Rubix/config.json
2022-07-20T19:16:11.792+0530 [INFO]  Fexr Gateway 0.6.0: New Lite Wallet Connected. Syncing wallet data...
2022-07-20T19:16:12.629+0530 [INFO]  Fexr Gateway 0.6.0: Finishing Lite Wallet sync with new DID..
2022-07-20T19:16:12.630+0530 [INFO]  Fexr Gateway 0.6.0: OS Type: : EXTRA_VALUE_AT_END=darwin
2022-07-20T19:16:12.630+0530 [INFO]  Fexr Gateway 0.6.0: Rubix config file path: : path =/Applications/Rubix/config.json
2022-07-20T19:30:00.284+0530 [INFO]  Fexr Gateway 0.6.0: New Lite Wallet Connected. Syncing wallet data...
2022-07-20T19:30:01.063+0530 [INFO]  Fexr Gateway 0.6.0: Finishing Lite Wallet sync with new DID..
2022-07-20T19:30:01.063+0530 [INFO]  Fexr Gateway 0.6.0: OS Type: : EXTRA_VALUE_AT_END=darwin
2022-07-20T19:30:01.063+0530 [INFO]  Fexr Gateway 0.6.0: Rubix config file path: : path =/Applications/Rubix/config.json
2022-07-20T19:37:00.932+0530 [INFO]  Fexr Gateway 0.6.0: New Lite Wallet Connected. Syncing wallet data...
2022-07-20T19:37:02.301+0530 [INFO]  Fexr Gateway 0.6.0: Finishing Lite Wallet sync with new DID..
2022-07-20T19:37:02.301+0530 [INFO]  Fexr Gateway 0.6.0: OS Type: : EXTRA_VALUE_AT_END=darwin
2022-07-20T19:37:02.301+0530 [INFO]  Fexr Gateway 0.6.0: Rubix config file path: : path =/Applications/Rubix/config.json
2022-07-20T19:46:23.232+0530 [INFO]  Fexr Gateway 0.6.0: New Lite Wallet Connected. Syncing wallet data...
2022-07-20T19:46:24.393+0530 [INFO]  Fexr Gateway 0.6.0: Finishing Lite Wallet sync with new DID..
2022-07-20T19:46:24.393+0530 [INFO]  Fexr Gateway 0.6.0: OS Type: : EXTRA_VALUE_AT_END=darwin
2022-07-20T19:46:24.393+0530 [INFO]  Fexr Gateway 0.6.0: Rubix config file path: : path =/Applications/Rubix/config.json
2022-07-20T19:46:45.615+0530 [INFO]  Fexr Gateway 0.6.0: New Lite Wallet Connected. Syncing wallet data...
2022-07-20T19:46:46.271+0530 [INFO]  Fexr Gateway 0.6.0: Finishing Lite Wallet sync with new DID..
2022-07-20T19:46:46.271+0530 [INFO]  Fexr Gateway 0.6.0: OS Type: : EXTRA_VALUE_AT_END=darwin
2022-07-20T19:46:46.271+0530 [INFO]  Fexr Gateway 0.6.0: Rubix config file path: : path =/Applications/Rubix/config.json
2022-07-20T19:48:36.597+0530 [INFO]  Fexr Gateway 0.6.0: New Lite Wallet Connected. Syncing wallet data...
2022-07-20T19:48:37.487+0530 [INFO]  Fexr Gateway 0.6.0: Finishing Lite Wallet sync with new DID..
2022-07-20T19:48:37.487+0530 [INFO]  Fexr Gateway 0.6.0: OS Type: : EXTRA_VALUE_AT_END=darwin
2022-07-20T19:48:37.487+0530 [INFO]  Fexr Gateway 0.6.0: Rubix config file path: : path =/Applications/Rubix/config.json
2022-07-21T00:52:30.600+0530 [INFO]  Fexr Gateway 0.6.0: New Lite Wallet Connected. Syncing wallet data...
2022-07-21T00:52:32.136+0530 [INFO]  Fexr Gateway 0.6.0: Finishing Lite Wallet sync with new DID..
2022-07-21T00:52:32.136+0530 [INFO]  Fexr Gateway 0.6.0: OS Type: : EXTRA_VALUE_AT_END=darwin
2022-07-21T00:52:32.136+0530 [INFO]  Fexr Gateway 0.6.0: Rubix config file path: : path =/Applications/Rubix/config.json
2022-07-21T01:19:11.454+0530 [INFO]  Fexr Gateway 0.6.0: New Lite Wallet Connected. Syncing wallet data...
2022-07-21T01:19:48.118+0530 [INFO]  Fexr Gateway 0.6.0: Finishing Lite Wallet sync with new DID..
2022-07-21T01:19:48.118+0530 [INFO]  Fexr Gateway 0.6.0: OS Type: : EXTRA_VALUE_AT_END=darwin
2022-07-21T01:19:48.118+0530 [INFO]  Fexr Gateway 0.6.0: Rubix config file path: : path =/Applications/Rubix/config.json
2022-07-21T01:39:29.632+0530 [INFO]  Fexr Gateway 0.6.0: New Lite Wallet Connected. Syncing wallet data...
2022-07-21T01:39:31.362+0530 [INFO]  Fexr Gateway 0.6.0: Finishing Lite Wallet sync with new DID..
2022-07-21T01:39:31.362+0530 [INFO]  Fexr Gateway 0.6.0: OS Type: : EXTRA_VALUE_AT_END=darwin
2022-07-21T01:39:31.362+0530 [INFO]  Fexr Gateway 0.6.0: Rubix config file path: : path =/Applications/Rubix/config.json
2022-07-21T01:43:55.527+0530 [INFO]  Fexr Gateway 0.6.0: New Lite Wallet Connected. Syncing wallet data...
2022-07-21T01:43:57.367+0530 [INFO]  Fexr Gateway 0.6.0: Finishing Lite Wallet sync with new DID..
2022-07-21T01:43:57.367+0530 [INFO]  Fexr Gateway 0.6.0: OS Type: : EXTRA_VALUE_AT_END=darwin
2022-07-21T01:43:57.367+0530 [INFO]  Fexr Gateway 0.6.0: Rubix config file path: : path =/Applications/Rubix/config.json
2022-07-21T12:18:06.896+0530 [INFO]  Fexr Gateway 0.6.0: New Lite Wallet Connected. Remembering Connection for permission: : code =0
2022-07-21T12:18:15.368+0530 [INFO]  Fexr Gateway 0.6.0: New Lite Wallet Connected. Syncing wallet data...
2022-07-21T12:18:16.198+0530 [INFO]  Fexr Gateway 0.6.0: Finishing Lite Wallet sync with new DID..
2022-07-21T12:18:16.198+0530 [INFO]  Fexr Gateway 0.6.0: OS Type: : EXTRA_VALUE_AT_END=darwin
2022-07-21T12:18:16.198+0530 [INFO]  Fexr Gateway 0.6.0: Rubix config file path: : path =/Applications/Rubix/config.json
2022-07-21T12:30:40.399+0530 [INFO]  Fexr Gateway 0.6.0: New Lite Wallet Connected. Remembering Connection for permission: : code =277
2022-07-21T12:30:57.562+0530 [INFO]  Fexr Gateway 0.6.0: New Lite Wallet Connected. Syncing wallet data...
2022-07-21T12:30:58.377+0530 [INFO]  Fexr Gateway 0.6.0: Finishing Lite Wallet sync with new DID..
2022-07-21T12:30:58.377+0530 [INFO]  Fexr Gateway 0.6.0: OS Type: : EXTRA_VALUE_AT_END=darwin
2022-07-21T12:30:58.377+0530 [INFO]  Fexr Gateway 0.6.0: Rubix config file path: : path =/Applications/Rubix/config.json
2022-07-21T12:31:52.790+0530 [INFO]  Fexr Gateway 0.6.0: New Lite Wallet Connected. Syncing wallet data...
2022-07-21T12:31:54.051+0530 [INFO]  Fexr Gateway 0.6.0: Finishing Lite Wallet sync with new DID..
2022-07-21T12:31:54.051+0530 [INFO]  Fexr Gateway 0.6.0: OS Type: : EXTRA_VALUE_AT_END=darwin
2022-07-21T12:31:54.051+0530 [INFO]  Fexr Gateway 0.6.0: Rubix config file path: : path =/Applications/Rubix/config.json
2022-07-21T12:31:54.098+0530 [INFO]  Fexr Gateway 0.6.0: Finished Lite Wallet sync
2022-07-21T12:33:23.020+0530 [INFO]  Fexr Gateway 0.6.0: New Lite Wallet Connected. Syncing wallet data...
2022-07-21T12:33:24.025+0530 [INFO]  Fexr Gateway 0.6.0: Finishing Lite Wallet sync with new DID..
2022-07-21T12:33:24.025+0530 [INFO]  Fexr Gateway 0.6.0: OS Type: : EXTRA_VALUE_AT_END=darwin
2022-07-21T12:33:24.025+0530 [INFO]  Fexr Gateway 0.6.0: Rubix config file path: : path =/Applications/Rubix/config.json
